<?xml version="1.0" encoding="UTF-8"?>
<testng-results ignored="0" total="1" passed="1" failed="0" skipped="0">
  <reporter-output>
  </reporter-output>
  <suite started-at="2023-03-21T09:04:28Z" name="Default suite" finished-at="2023-03-21T09:04:37Z" duration-ms="9310">
    <groups>
    </groups>
    <test started-at="2023-03-21T09:04:28Z" name="Default test" finished-at="2023-03-21T09:04:37Z" duration-ms="9310">
      <class name="com.orange.testscripts.TC_001">
        <test-method is-config="true" signature="setup()[pri:0, instance:com.orange.testscripts.TC_001@3bf7ca37]" started-at="2023-03-21T09:04:28Z" name="setup" finished-at="2023-03-21T09:04:33Z" duration-ms="5005" status="PASS">
          <reporter-output>
          </reporter-output>
        </test-method> <!-- setup -->
        <test-method signature="verifyLogin()[pri:0, instance:com.orange.testscripts.TC_001@3bf7ca37]" started-at="2023-03-21T09:04:33Z" name="verifyLogin" finished-at="2023-03-21T09:04:37Z" duration-ms="4032" status="PASS">
          <reporter-output>
          </reporter-output>
        </test-method> <!-- verifyLogin -->
        <test-method is-config="true" signature="teardown()[pri:0, instance:com.orange.testscripts.TC_001@3bf7ca37]" started-at="2023-03-21T09:04:37Z" name="teardown" finished-at="2023-03-21T09:04:37Z" duration-ms="242" status="PASS">
          <reporter-output>
          </reporter-output>
        </test-method> <!-- teardown -->
      </class> <!-- com.orange.testscripts.TC_001 -->
    </test> <!-- Default test -->
  </suite> <!-- Default suite -->
</testng-results>
