<?xml version="1.0" encoding="UTF-8"?>
<testng-results skipped="0" failed="0" ignored="0" total="1" passed="1">
  <reporter-output>
  </reporter-output>
  <suite name="Default suite" duration-ms="60" started-at="2021-09-24T11:56:00Z" finished-at="2021-09-24T11:56:00Z">
    <groups>
    </groups>
    <test name="Default test" duration-ms="60" started-at="2021-09-24T11:56:00Z" finished-at="2021-09-24T11:56:00Z">
      <class name="TestNG.TestngExample">
        <test-method status="PASS" signature="f()[pri:0, instance:TestNG.TestngExample@396a51ab]" name="f" is-config="true" duration-ms="16" started-at="2021-09-24T11:56:00Z" finished-at="2021-09-24T11:56:00Z">
          <reporter-output>
          </reporter-output>
        </test-method> <!-- f -->
        <test-method status="PASS" signature="test1()[pri:0, instance:TestNG.TestngExample@396a51ab]" name="test1" duration-ms="9" started-at="2021-09-24T11:56:00Z" finished-at="2021-09-24T11:56:00Z">
          <reporter-output>
          </reporter-output>
        </test-method> <!-- test1 -->
      </class> <!-- TestNG.TestngExample -->
    </test> <!-- Default test -->
  </suite> <!-- Default suite -->
</testng-results>
