<?xml version="1.0" encoding="UTF-8"?>
<!-- Generated by org.testng.reporters.JUnitXMLReporter -->
<testsuite ignored="0" hostname="Welcome" failures="1" tests="1" name="firefox" time="0.028" errors="0" timestamp="2023-05-20T17:44:59 IST">
  <testcase classname="com.GRID.LoginTest" name="LoginpageTest" time="0.005">
    <failure type="java.lang.Error" message="Unresolved compilation problem: 
	The constructor RemoteWebDriver(URL, DesiredCapabilities) is undefined
">
      <![CDATA[java.lang.Error: Unresolved compilation problem: 
The constructor RemoteWebDriver(URL, DesiredCapabilities) is undefined

at com.GRID.LoginTest.LoginpageTest(LoginTest.java:33)
at java.base/java.util.ArrayList.forEach(ArrayList.java:1541)
... Removed 27 stack frames]]>
    </failure>
  </testcase> <!-- LoginpageTest -->
</testsuite> <!-- firefox -->
