<?xml version="1.0" encoding="UTF-8"?>
<!-- Generated by org.testng.reporters.JUnitXMLReporter -->
<testsuite hostname="Welcome" ignored="0" name="Regression1" tests="3" failures="0" timestamp="13 Dec 2018 16:45:02 GMT" time="74.809" errors="0">
  <testcase name="login" time="25.398" classname="com.hrms.testscripts.TC_101"/>
  <testcase name="addEmployee" time="26.252" classname="com.hrms.testscripts.TC_102"/>
  <testcase name="delEmployee" time="23.124" classname="com.hrms.testscripts.TC_103"/>
</testsuite> <!-- Regression1 -->
