<?xml version="1.0" encoding="UTF-8"?>
<testng-results ignored="0" total="1" passed="1" failed="0" skipped="0">
  <reporter-output>
  </reporter-output>
  <suite started-at="2023-05-29T16:42:25 IST" name="Default suite" finished-at="2023-05-29T16:43:42 IST" duration-ms="76546">
    <groups>
    </groups>
    <test started-at="2023-05-29T16:42:25 IST" name="Default test" finished-at="2023-05-29T16:43:42 IST" duration-ms="76546">
      <class name="com.Testcases.LoginTest">
        <test-method is-config="true" signature="setUp()[pri:0, instance:com.Testcases.LoginTest@37654521]" started-at="2023-05-29T16:42:25 IST" name="setUp" finished-at="2023-05-29T16:42:54 IST" duration-ms="28966" status="PASS">
          <reporter-output>
          </reporter-output>
        </test-method> <!-- setUp -->
        <test-method signature="loginPageTest()[pri:0, instance:com.Testcases.LoginTest@37654521]" started-at="2023-05-29T16:42:55 IST" name="loginPageTest" finished-at="2023-05-29T16:43:41 IST" duration-ms="46167" status="PASS">
          <reporter-output>
          </reporter-output>
        </test-method> <!-- loginPageTest -->
        <test-method is-config="true" signature="tearDown()[pri:0, instance:com.Testcases.LoginTest@37654521]" started-at="2023-05-29T16:43:41 IST" name="tearDown" finished-at="2023-05-29T16:43:42 IST" duration-ms="1150" status="PASS">
          <reporter-output>
          </reporter-output>
        </test-method> <!-- tearDown -->
      </class> <!-- com.Testcases.LoginTest -->
    </test> <!-- Default test -->
  </suite> <!-- Default suite -->
</testng-results>
