<?xml version="1.0" encoding="UTF-8"?>
<testng-results skipped="0" failed="0" ignored="0" total="1" passed="1">
  <reporter-output>
  </reporter-output>
  <suite name="Default suite" duration-ms="29519" started-at="2019-01-19T10:21:19Z" finished-at="2019-01-19T10:21:49Z">
    <groups>
    </groups>
    <test name="Default test" duration-ms="29519" started-at="2019-01-19T10:21:19Z" finished-at="2019-01-19T10:21:49Z">
      <class name="com.encourage.testscripts.AllPagesOpening">
        <test-method status="PASS" signature="All_pages()[pri:0, instance:com.encourage.testscripts.AllPagesOpening@6cc4c815]" name="All_pages" duration-ms="29487" started-at="2019-01-19T10:21:19Z" finished-at="2019-01-19T10:21:49Z">
          <reporter-output>
          </reporter-output>
        </test-method> <!-- All_pages -->
      </class> <!-- com.encourage.testscripts.AllPagesOpening -->
    </test> <!-- Default test -->
  </suite> <!-- Default suite -->
</testng-results>
